0 info it worked if it ends with ok
1 verbose cli [ '/usr/local/bin/node', '/usr/local/bin/npm', 'install' ]
2 info using npm@3.5.3
3 info using node@v4.2.4
4 silly loadCurrentTree Starting
5 silly install loadCurrentTree
6 silly install readLocalPackageData
7 silly install normalizeTree
8 silly loadCurrentTree Finishing
9 silly loadIdealTree Starting
10 silly install loadIdealTree
11 silly cloneCurrentTree Starting
12 silly install cloneCurrentTreeToIdealTree
13 silly cloneCurrentTree Finishing
14 silly loadShrinkwrap Starting
15 silly install loadShrinkwrap
16 silly loadShrinkwrap Finishing
17 silly loadAllDepsIntoIdealTree Starting
18 silly install loadAllDepsIntoIdealTree
19 silly fetchNamedPackageData angular2
20 silly mapToRegistry name angular2
21 silly mapToRegistry using default registry
22 silly mapToRegistry registry https://registry.npmjs.org/
23 silly mapToRegistry uri https://registry.npmjs.org/angular2
24 silly fetchNamedPackageData angular2-widgets
25 silly mapToRegistry name angular2-widgets
26 silly mapToRegistry using default registry
27 silly mapToRegistry registry https://registry.npmjs.org/
28 silly mapToRegistry uri https://registry.npmjs.org/angular2-widgets
29 silly fetchNamedPackageData rxjs
30 silly mapToRegistry name rxjs
31 silly mapToRegistry using default registry
32 silly mapToRegistry registry https://registry.npmjs.org/
33 silly mapToRegistry uri https://registry.npmjs.org/rxjs
34 silly fetchNamedPackageData es6-promise
35 silly mapToRegistry name es6-promise
36 silly mapToRegistry using default registry
37 silly mapToRegistry registry https://registry.npmjs.org/
38 silly mapToRegistry uri https://registry.npmjs.org/es6-promise
39 silly fetchNamedPackageData es6-shim
40 silly mapToRegistry name es6-shim
41 silly mapToRegistry using default registry
42 silly mapToRegistry registry https://registry.npmjs.org/
43 silly mapToRegistry uri https://registry.npmjs.org/es6-shim
44 silly fetchNamedPackageData http-server
45 silly mapToRegistry name http-server
46 silly mapToRegistry using default registry
47 silly mapToRegistry registry https://registry.npmjs.org/
48 silly mapToRegistry uri https://registry.npmjs.org/http-server
49 silly fetchNamedPackageData reflect-metadata
50 silly mapToRegistry name reflect-metadata
51 silly mapToRegistry using default registry
52 silly mapToRegistry registry https://registry.npmjs.org/
53 silly mapToRegistry uri https://registry.npmjs.org/reflect-metadata
54 silly fetchNamedPackageData zone.js
55 silly mapToRegistry name zone.js
56 silly mapToRegistry using default registry
57 silly mapToRegistry registry https://registry.npmjs.org/
58 silly mapToRegistry uri https://registry.npmjs.org/zone.js
59 verbose request uri https://registry.npmjs.org/angular2-widgets
60 verbose request no auth needed
61 info attempt registry request try #1 at 2:18:11 PM
62 verbose request using bearer token for auth
63 verbose request id 284fb188e084e8e5
64 http request GET https://registry.npmjs.org/angular2-widgets
65 verbose request uri https://registry.npmjs.org/es6-promise
66 verbose request no auth needed
67 info attempt registry request try #1 at 2:18:11 PM
68 verbose request using bearer token for auth
69 verbose etag "EAIZ5W2X7ZPO5J8YR3HJMAF9L"
70 http request GET https://registry.npmjs.org/es6-promise
71 verbose request uri https://registry.npmjs.org/rxjs
72 verbose request no auth needed
73 info attempt registry request try #1 at 2:18:11 PM
74 verbose request using bearer token for auth
75 verbose etag "72C516V0U1DNIOSVOZG7T38QH"
76 http request GET https://registry.npmjs.org/rxjs
77 verbose request uri https://registry.npmjs.org/angular2
78 verbose request no auth needed
79 info attempt registry request try #1 at 2:18:11 PM
80 verbose request using bearer token for auth
81 verbose etag "BCX1KL3KA9VLZMLE575S4BP5G"
82 http request GET https://registry.npmjs.org/angular2
83 verbose request uri https://registry.npmjs.org/reflect-metadata
84 verbose request no auth needed
85 info attempt registry request try #1 at 2:18:11 PM
86 verbose request using bearer token for auth
87 verbose etag "74JLNYMC3ZODCP59Y0SJXOL2J"
88 http request GET https://registry.npmjs.org/reflect-metadata
89 verbose request uri https://registry.npmjs.org/http-server
90 verbose request no auth needed
91 info attempt registry request try #1 at 2:18:11 PM
92 verbose request using bearer token for auth
93 verbose etag "BKKH2ROD4I4BCBNQHQ1NPKA8L"
94 http request GET https://registry.npmjs.org/http-server
95 verbose request uri https://registry.npmjs.org/es6-shim
96 verbose request no auth needed
97 info attempt registry request try #1 at 2:18:11 PM
98 verbose request using bearer token for auth
99 verbose etag "EH5WMZZJWYJFAD2EJG6PIP3XE"
100 http request GET https://registry.npmjs.org/es6-shim
101 verbose request uri https://registry.npmjs.org/zone.js
102 verbose request no auth needed
103 info attempt registry request try #1 at 2:18:11 PM
104 verbose request using bearer token for auth
105 verbose etag "87QAO6KA6I91IPYI3SAYWH99D"
106 http request GET https://registry.npmjs.org/zone.js
107 http 304 https://registry.npmjs.org/angular2
108 verbose headers { 'cache-control': 'max-age=300',
108 verbose headers   'accept-ranges': 'bytes',
108 verbose headers   date: 'Wed, 11 May 2016 18:18:11 GMT',
108 verbose headers   via: '1.1 varnish',
108 verbose headers   connection: 'keep-alive',
108 verbose headers   'x-served-by': 'cache-iad2147-IAD',
108 verbose headers   'x-cache': 'MISS',
108 verbose headers   'x-cache-hits': '0',
108 verbose headers   'x-timer': 'S1462990691.472586,VS0,VE18',
108 verbose headers   vary: 'Accept-Encoding' }
109 silly get cb [ 304,
109 silly get   { 'cache-control': 'max-age=300',
109 silly get     'accept-ranges': 'bytes',
109 silly get     date: 'Wed, 11 May 2016 18:18:11 GMT',
109 silly get     via: '1.1 varnish',
109 silly get     connection: 'keep-alive',
109 silly get     'x-served-by': 'cache-iad2147-IAD',
109 silly get     'x-cache': 'MISS',
109 silly get     'x-cache-hits': '0',
109 silly get     'x-timer': 'S1462990691.472586,VS0,VE18',
109 silly get     vary: 'Accept-Encoding' } ]
110 verbose etag https://registry.npmjs.org/angular2 from cache
111 verbose get saving angular2 to /Users/dwadeson/.npm/registry.npmjs.org/angular2/.cache.json
112 http 304 https://registry.npmjs.org/rxjs
113 verbose headers { 'cache-control': 'max-age=300',
113 verbose headers   'accept-ranges': 'bytes',
113 verbose headers   date: 'Wed, 11 May 2016 18:18:11 GMT',
113 verbose headers   via: '1.1 varnish',
113 verbose headers   connection: 'keep-alive',
113 verbose headers   'x-served-by': 'cache-iad2133-IAD',
113 verbose headers   'x-cache': 'MISS',
113 verbose headers   'x-cache-hits': '0',
113 verbose headers   'x-timer': 'S1462990691.474464,VS0,VE18',
113 verbose headers   vary: 'Accept-Encoding' }
114 silly get cb [ 304,
114 silly get   { 'cache-control': 'max-age=300',
114 silly get     'accept-ranges': 'bytes',
114 silly get     date: 'Wed, 11 May 2016 18:18:11 GMT',
114 silly get     via: '1.1 varnish',
114 silly get     connection: 'keep-alive',
114 silly get     'x-served-by': 'cache-iad2133-IAD',
114 silly get     'x-cache': 'MISS',
114 silly get     'x-cache-hits': '0',
114 silly get     'x-timer': 'S1462990691.474464,VS0,VE18',
114 silly get     vary: 'Accept-Encoding' } ]
115 verbose etag https://registry.npmjs.org/rxjs from cache
116 verbose get saving rxjs to /Users/dwadeson/.npm/registry.npmjs.org/rxjs/.cache.json
117 silly resolveWithNewModule angular2@2.0.0-beta.0 checking installable status
118 silly cache add args [ 'angular2@2.0.0-beta.0', null ]
119 verbose cache add spec angular2@2.0.0-beta.0
120 silly cache add parsed spec Result {
120 silly cache add   raw: 'angular2@2.0.0-beta.0',
120 silly cache add   scope: null,
120 silly cache add   name: 'angular2',
120 silly cache add   rawSpec: '2.0.0-beta.0',
120 silly cache add   spec: '2.0.0-beta.0',
120 silly cache add   type: 'version' }
121 silly addNamed angular2@2.0.0-beta.0
122 verbose addNamed "2.0.0-beta.0" is a plain semver version for angular2
123 silly mapToRegistry name angular2
124 silly mapToRegistry using default registry
125 silly mapToRegistry registry https://registry.npmjs.org/
126 silly mapToRegistry uri https://registry.npmjs.org/angular2
127 verbose addNameVersion registry:https://registry.npmjs.org/angular2 not in flight; fetching
128 silly resolveWithNewModule rxjs@5.0.0-beta.0 checking installable status
129 silly cache add args [ 'rxjs@5.0.0-beta.0', null ]
130 verbose cache add spec rxjs@5.0.0-beta.0
131 silly cache add parsed spec Result {
131 silly cache add   raw: 'rxjs@5.0.0-beta.0',
131 silly cache add   scope: null,
131 silly cache add   name: 'rxjs',
131 silly cache add   rawSpec: '5.0.0-beta.0',
131 silly cache add   spec: '5.0.0-beta.0',
131 silly cache add   type: 'version' }
132 silly addNamed rxjs@5.0.0-beta.0
133 verbose addNamed "5.0.0-beta.0" is a plain semver version for rxjs
134 silly mapToRegistry name rxjs
135 silly mapToRegistry using default registry
136 silly mapToRegistry registry https://registry.npmjs.org/
137 silly mapToRegistry uri https://registry.npmjs.org/rxjs
138 verbose addNameVersion registry:https://registry.npmjs.org/rxjs not in flight; fetching
139 verbose get https://registry.npmjs.org/rxjs not expired, no request
140 verbose get https://registry.npmjs.org/angular2 not expired, no request
141 silly cache afterAdd angular2@2.0.0-beta.0
142 verbose afterAdd /Users/dwadeson/.npm/angular2/2.0.0-beta.0/package/package.json not in flight; writing
143 silly cache afterAdd rxjs@5.0.0-beta.0
144 verbose afterAdd /Users/dwadeson/.npm/rxjs/5.0.0-beta.0/package/package.json not in flight; writing
145 verbose afterAdd /Users/dwadeson/.npm/rxjs/5.0.0-beta.0/package/package.json written
146 verbose afterAdd /Users/dwadeson/.npm/angular2/2.0.0-beta.0/package/package.json written
147 http 304 https://registry.npmjs.org/reflect-metadata
148 verbose headers { 'cache-control': 'max-age=300',
148 verbose headers   'accept-ranges': 'bytes',
148 verbose headers   date: 'Wed, 11 May 2016 18:18:11 GMT',
148 verbose headers   via: '1.1 varnish',
148 verbose headers   connection: 'keep-alive',
148 verbose headers   'x-served-by': 'cache-iad2134-IAD',
148 verbose headers   'x-cache': 'MISS',
148 verbose headers   'x-cache-hits': '0',
148 verbose headers   'x-timer': 'S1462990691.545390,VS0,VE77',
148 verbose headers   vary: 'Accept-Encoding' }
149 silly get cb [ 304,
149 silly get   { 'cache-control': 'max-age=300',
149 silly get     'accept-ranges': 'bytes',
149 silly get     date: 'Wed, 11 May 2016 18:18:11 GMT',
149 silly get     via: '1.1 varnish',
149 silly get     connection: 'keep-alive',
149 silly get     'x-served-by': 'cache-iad2134-IAD',
149 silly get     'x-cache': 'MISS',
149 silly get     'x-cache-hits': '0',
149 silly get     'x-timer': 'S1462990691.545390,VS0,VE77',
149 silly get     vary: 'Accept-Encoding' } ]
150 verbose etag https://registry.npmjs.org/reflect-metadata from cache
151 verbose get saving reflect-metadata to /Users/dwadeson/.npm/registry.npmjs.org/reflect-metadata/.cache.json
152 http 304 https://registry.npmjs.org/zone.js
153 verbose headers { 'cache-control': 'max-age=300',
153 verbose headers   'accept-ranges': 'bytes',
153 verbose headers   date: 'Wed, 11 May 2016 18:18:11 GMT',
153 verbose headers   via: '1.1 varnish',
153 verbose headers   connection: 'keep-alive',
153 verbose headers   'x-served-by': 'cache-iad2121-IAD',
153 verbose headers   'x-cache': 'MISS',
153 verbose headers   'x-cache-hits': '0',
153 verbose headers   'x-timer': 'S1462990691.543722,VS0,VE79',
153 verbose headers   vary: 'Accept-Encoding' }
154 silly get cb [ 304,
154 silly get   { 'cache-control': 'max-age=300',
154 silly get     'accept-ranges': 'bytes',
154 silly get     date: 'Wed, 11 May 2016 18:18:11 GMT',
154 silly get     via: '1.1 varnish',
154 silly get     connection: 'keep-alive',
154 silly get     'x-served-by': 'cache-iad2121-IAD',
154 silly get     'x-cache': 'MISS',
154 silly get     'x-cache-hits': '0',
154 silly get     'x-timer': 'S1462990691.543722,VS0,VE79',
154 silly get     vary: 'Accept-Encoding' } ]
155 verbose etag https://registry.npmjs.org/zone.js from cache
156 verbose get saving zone.js to /Users/dwadeson/.npm/registry.npmjs.org/zone.js/.cache.json
157 http 304 https://registry.npmjs.org/es6-shim
158 verbose headers { 'cache-control': 'max-age=300',
158 verbose headers   'accept-ranges': 'bytes',
158 verbose headers   date: 'Wed, 11 May 2016 18:18:11 GMT',
158 verbose headers   via: '1.1 varnish',
158 verbose headers   connection: 'keep-alive',
158 verbose headers   'x-served-by': 'cache-iad2144-IAD',
158 verbose headers   'x-cache': 'MISS',
158 verbose headers   'x-cache-hits': '0',
158 verbose headers   'x-timer': 'S1462990691.544553,VS0,VE98',
158 verbose headers   vary: 'Accept-Encoding' }
159 silly get cb [ 304,
159 silly get   { 'cache-control': 'max-age=300',
159 silly get     'accept-ranges': 'bytes',
159 silly get     date: 'Wed, 11 May 2016 18:18:11 GMT',
159 silly get     via: '1.1 varnish',
159 silly get     connection: 'keep-alive',
159 silly get     'x-served-by': 'cache-iad2144-IAD',
159 silly get     'x-cache': 'MISS',
159 silly get     'x-cache-hits': '0',
159 silly get     'x-timer': 'S1462990691.544553,VS0,VE98',
159 silly get     vary: 'Accept-Encoding' } ]
160 verbose etag https://registry.npmjs.org/es6-shim from cache
161 verbose get saving es6-shim to /Users/dwadeson/.npm/registry.npmjs.org/es6-shim/.cache.json
162 silly resolveWithNewModule zone.js@0.5.10 checking installable status
163 silly cache add args [ 'zone.js@0.5.10', null ]
164 verbose cache add spec zone.js@0.5.10
165 silly cache add parsed spec Result {
165 silly cache add   raw: 'zone.js@0.5.10',
165 silly cache add   scope: null,
165 silly cache add   name: 'zone.js',
165 silly cache add   rawSpec: '0.5.10',
165 silly cache add   spec: '0.5.10',
165 silly cache add   type: 'version' }
166 silly addNamed zone.js@0.5.10
167 verbose addNamed "0.5.10" is a plain semver version for zone.js
168 silly mapToRegistry name zone.js
169 silly mapToRegistry using default registry
170 silly mapToRegistry registry https://registry.npmjs.org/
171 silly mapToRegistry uri https://registry.npmjs.org/zone.js
172 verbose addNameVersion registry:https://registry.npmjs.org/zone.js not in flight; fetching
173 silly resolveWithNewModule reflect-metadata@0.1.2 checking installable status
174 silly cache add args [ 'reflect-metadata@0.1.2', null ]
175 verbose cache add spec reflect-metadata@0.1.2
176 silly cache add parsed spec Result {
176 silly cache add   raw: 'reflect-metadata@0.1.2',
176 silly cache add   scope: null,
176 silly cache add   name: 'reflect-metadata',
176 silly cache add   rawSpec: '0.1.2',
176 silly cache add   spec: '0.1.2',
176 silly cache add   type: 'version' }
177 silly addNamed reflect-metadata@0.1.2
178 verbose addNamed "0.1.2" is a plain semver version for reflect-metadata
179 silly mapToRegistry name reflect-metadata
180 silly mapToRegistry using default registry
181 silly mapToRegistry registry https://registry.npmjs.org/
182 silly mapToRegistry uri https://registry.npmjs.org/reflect-metadata
183 verbose addNameVersion registry:https://registry.npmjs.org/reflect-metadata not in flight; fetching
184 silly resolveWithNewModule es6-shim@0.33.13 checking installable status
185 silly cache add args [ 'es6-shim@^0.33.3', null ]
186 verbose cache add spec es6-shim@^0.33.3
187 silly cache add parsed spec Result {
187 silly cache add   raw: 'es6-shim@^0.33.3',
187 silly cache add   scope: null,
187 silly cache add   name: 'es6-shim',
187 silly cache add   rawSpec: '^0.33.3',
187 silly cache add   spec: '>=0.33.3 <0.34.0',
187 silly cache add   type: 'range' }
188 silly addNamed es6-shim@>=0.33.3 <0.34.0
189 verbose addNamed ">=0.33.3 <0.34.0" is a valid semver range for es6-shim
190 silly addNameRange { name: 'es6-shim', range: '>=0.33.3 <0.34.0', hasData: false }
191 silly mapToRegistry name es6-shim
192 silly mapToRegistry using default registry
193 silly mapToRegistry registry https://registry.npmjs.org/
194 silly mapToRegistry uri https://registry.npmjs.org/es6-shim
195 verbose addNameRange registry:https://registry.npmjs.org/es6-shim not in flight; fetching
196 verbose get https://registry.npmjs.org/zone.js not expired, no request
197 verbose get https://registry.npmjs.org/es6-shim not expired, no request
198 silly addNameRange number 2 { name: 'es6-shim', range: '>=0.33.3 <0.34.0', hasData: true }
199 silly addNameRange versions [ 'es6-shim',
199 silly addNameRange   [ '0.1.0',
199 silly addNameRange     '0.2.0',
199 silly addNameRange     '0.2.1',
199 silly addNameRange     '0.3.0',
199 silly addNameRange     '0.3.1',
199 silly addNameRange     '0.4.0',
199 silly addNameRange     '0.4.1',
199 silly addNameRange     '0.5.0',
199 silly addNameRange     '0.5.1',
199 silly addNameRange     '0.5.2',
199 silly addNameRange     '0.5.3',
199 silly addNameRange     '0.6.0',
199 silly addNameRange     '0.7.0',
199 silly addNameRange     '0.8.0',
199 silly addNameRange     '0.9.0',
199 silly addNameRange     '0.9.1',
199 silly addNameRange     '0.9.2',
199 silly addNameRange     '0.9.3',
199 silly addNameRange     '0.10.0',
199 silly addNameRange     '0.10.1',
199 silly addNameRange     '0.11.0',
199 silly addNameRange     '0.11.1',
199 silly addNameRange     '0.12.0',
199 silly addNameRange     '0.13.0',
199 silly addNameRange     '0.14.0',
199 silly addNameRange     '0.15.0',
199 silly addNameRange     '0.15.1',
199 silly addNameRange     '0.16.0',
199 silly addNameRange     '0.17.0',
199 silly addNameRange     '0.18.0',
199 silly addNameRange     '0.19.0',
199 silly addNameRange     '0.19.1',
199 silly addNameRange     '0.19.2',
199 silly addNameRange     '0.20.0',
199 silly addNameRange     '0.20.1',
199 silly addNameRange     '0.20.2',
199 silly addNameRange     '0.20.3',
199 silly addNameRange     '0.20.4',
199 silly addNameRange     '0.21.0',
199 silly addNameRange     '0.21.1',
199 silly addNameRange     '0.22.0',
199 silly addNameRange     '0.22.1',
199 silly addNameRange     '0.22.2',
199 silly addNameRange     '0.23.0',
199 silly addNameRange     '0.24.0',
199 silly addNameRange     '0.25.0',
199 silly addNameRange     '0.25.1',
199 silly addNameRange     '0.25.2',
199 silly addNameRange     '0.25.3',
199 silly addNameRange     '0.26.0',
199 silly addNameRange     '0.26.1',
199 silly addNameRange     '0.27.1',
199 silly addNameRange     '0.28.1',
199 silly addNameRange     '0.29.0',
199 silly addNameRange     '0.30.0',
199 silly addNameRange     '0.31.0',
199 silly addNameRange     '0.31.1',
199 silly addNameRange     '0.31.2',
199 silly addNameRange     '0.31.3',
199 silly addNameRange     '0.32.0',
199 silly addNameRange     '0.32.1',
199 silly addNameRange     '0.32.2',
199 silly addNameRange     '0.33.0',
199 silly addNameRange     '0.33.1',
199 silly addNameRange     '0.33.2',
199 silly addNameRange     '0.33.3',
199 silly addNameRange     '0.33.4',
199 silly addNameRange     '0.33.5',
199 silly addNameRange     '0.33.6',
199 silly addNameRange     '0.33.7',
199 silly addNameRange     '0.33.8',
199 silly addNameRange     '0.33.9',
199 silly addNameRange     '0.33.10',
199 silly addNameRange     '0.33.11',
199 silly addNameRange     '0.33.12',
199 silly addNameRange     '0.33.13',
199 silly addNameRange     '0.34.0',
199 silly addNameRange     '0.34.1',
199 silly addNameRange     '0.34.2',
199 silly addNameRange     '0.34.3',
199 silly addNameRange     '0.34.4',
199 silly addNameRange     '0.35.0' ] ]
200 silly addNamed es6-shim@0.33.13
201 verbose addNamed "0.33.13" is a plain semver version for es6-shim
202 verbose get https://registry.npmjs.org/reflect-metadata not expired, no request
203 silly cache afterAdd es6-shim@0.33.13
204 verbose afterAdd /Users/dwadeson/.npm/es6-shim/0.33.13/package/package.json not in flight; writing
205 silly cache afterAdd zone.js@0.5.10
206 verbose afterAdd /Users/dwadeson/.npm/zone.js/0.5.10/package/package.json not in flight; writing
207 silly cache afterAdd reflect-metadata@0.1.2
208 verbose afterAdd /Users/dwadeson/.npm/reflect-metadata/0.1.2/package/package.json not in flight; writing
209 verbose afterAdd /Users/dwadeson/.npm/zone.js/0.5.10/package/package.json written
210 verbose afterAdd /Users/dwadeson/.npm/es6-shim/0.33.13/package/package.json written
211 verbose afterAdd /Users/dwadeson/.npm/reflect-metadata/0.1.2/package/package.json written
212 http 200 https://registry.npmjs.org/http-server
213 verbose headers { server: 'CouchDB/1.5.0 (Erlang OTP/R16B03)',
213 verbose headers   etag: '"22E8NQNX5IABSU1PZMUH6DB8J"',
213 verbose headers   'content-type': 'application/json',
213 verbose headers   'cache-control': 'max-age=300',
213 verbose headers   'content-length': '58693',
213 verbose headers   'accept-ranges': 'bytes',
213 verbose headers   date: 'Wed, 11 May 2016 18:18:11 GMT',
213 verbose headers   via: '1.1 varnish',
213 verbose headers   connection: 'keep-alive',
213 verbose headers   'x-served-by': 'cache-iad2123-IAD',
213 verbose headers   'x-cache': 'MISS',
213 verbose headers   'x-cache-hits': '0',
213 verbose headers   'x-timer': 'S1462990691.544281,VS0,VE109',
213 verbose headers   vary: 'Accept-Encoding' }
214 silly get cb [ 200,
214 silly get   { server: 'CouchDB/1.5.0 (Erlang OTP/R16B03)',
214 silly get     etag: '"22E8NQNX5IABSU1PZMUH6DB8J"',
214 silly get     'content-type': 'application/json',
214 silly get     'cache-control': 'max-age=300',
214 silly get     'content-length': '58693',
214 silly get     'accept-ranges': 'bytes',
214 silly get     date: 'Wed, 11 May 2016 18:18:11 GMT',
214 silly get     via: '1.1 varnish',
214 silly get     connection: 'keep-alive',
214 silly get     'x-served-by': 'cache-iad2123-IAD',
214 silly get     'x-cache': 'MISS',
214 silly get     'x-cache-hits': '0',
214 silly get     'x-timer': 'S1462990691.544281,VS0,VE109',
214 silly get     vary: 'Accept-Encoding' } ]
215 verbose get saving http-server to /Users/dwadeson/.npm/registry.npmjs.org/http-server/.cache.json
216 silly resolveWithNewModule http-server@0.8.5 checking installable status
217 silly cache add args [ 'http-server@^0.8.5', null ]
218 verbose cache add spec http-server@^0.8.5
219 silly cache add parsed spec Result {
219 silly cache add   raw: 'http-server@^0.8.5',
219 silly cache add   scope: null,
219 silly cache add   name: 'http-server',
219 silly cache add   rawSpec: '^0.8.5',
219 silly cache add   spec: '>=0.8.5 <0.9.0',
219 silly cache add   type: 'range' }
220 silly addNamed http-server@>=0.8.5 <0.9.0
221 verbose addNamed ">=0.8.5 <0.9.0" is a valid semver range for http-server
222 silly addNameRange { name: 'http-server', range: '>=0.8.5 <0.9.0', hasData: false }
223 silly mapToRegistry name http-server
224 silly mapToRegistry using default registry
225 silly mapToRegistry registry https://registry.npmjs.org/
226 silly mapToRegistry uri https://registry.npmjs.org/http-server
227 verbose addNameRange registry:https://registry.npmjs.org/http-server not in flight; fetching
228 verbose get https://registry.npmjs.org/http-server not expired, no request
229 silly addNameRange number 2 { name: 'http-server', range: '>=0.8.5 <0.9.0', hasData: true }
230 silly addNameRange versions [ 'http-server',
230 silly addNameRange   [ '0.1.0',
230 silly addNameRange     '0.1.1',
230 silly addNameRange     '0.1.3',
230 silly addNameRange     '0.2.1',
230 silly addNameRange     '0.2.2',
230 silly addNameRange     '0.2.3',
230 silly addNameRange     '0.2.4',
230 silly addNameRange     '0.2.5',
230 silly addNameRange     '0.2.6',
230 silly addNameRange     '0.2.9',
230 silly addNameRange     '0.3.0',
230 silly addNameRange     '0.4.0',
230 silly addNameRange     '0.4.1',
230 silly addNameRange     '0.5.0',
230 silly addNameRange     '0.5.1',
230 silly addNameRange     '0.5.2',
230 silly addNameRange     '0.5.3',
230 silly addNameRange     '0.5.5',
230 silly addNameRange     '0.6.0',
230 silly addNameRange     '0.6.1',
230 silly addNameRange     '0.7.0',
230 silly addNameRange     '0.7.1',
230 silly addNameRange     '0.7.2',
230 silly addNameRange     '0.7.3',
230 silly addNameRange     '0.7.4',
230 silly addNameRange     '0.7.5',
230 silly addNameRange     '0.8.0',
230 silly addNameRange     '0.8.1',
230 silly addNameRange     '0.8.2',
230 silly addNameRange     '0.8.3',
230 silly addNameRange     '0.8.4',
230 silly addNameRange     '0.8.5',
230 silly addNameRange     '0.9.0' ] ]
231 silly addNamed http-server@0.8.5
232 verbose addNamed "0.8.5" is a plain semver version for http-server
233 silly mapToRegistry name http-server
234 silly mapToRegistry using default registry
235 silly mapToRegistry registry https://registry.npmjs.org/
236 silly mapToRegistry uri https://registry.npmjs.org/http-server
237 verbose addRemoteTarball https://registry.npmjs.org/http-server/-/http-server-0.8.5.tgz not in flight; adding
238 verbose addRemoteTarball [ 'https://registry.npmjs.org/http-server/-/http-server-0.8.5.tgz',
238 verbose addRemoteTarball   'bbf27c9f09499e51a1fe1f979a6f39a45a04f2fb' ]
239 info retry fetch attempt 1 at 2:18:11 PM
240 info attempt registry request try #1 at 2:18:11 PM
241 http fetch GET https://registry.npmjs.org/http-server/-/http-server-0.8.5.tgz
242 verbose request using bearer token for auth
243 http 304 https://registry.npmjs.org/es6-promise
244 verbose headers { 'cache-control': 'max-age=300',
244 verbose headers   'accept-ranges': 'bytes',
244 verbose headers   date: 'Wed, 11 May 2016 18:18:11 GMT',
244 verbose headers   via: '1.1 varnish',
244 verbose headers   connection: 'keep-alive',
244 verbose headers   'x-served-by': 'cache-iad2122-IAD',
244 verbose headers   'x-cache': 'MISS',
244 verbose headers   'x-cache-hits': '0',
244 verbose headers   'x-timer': 'S1462990691.476038,VS0,VE396',
244 verbose headers   vary: 'Accept-Encoding' }
245 silly get cb [ 304,
245 silly get   { 'cache-control': 'max-age=300',
245 silly get     'accept-ranges': 'bytes',
245 silly get     date: 'Wed, 11 May 2016 18:18:11 GMT',
245 silly get     via: '1.1 varnish',
245 silly get     connection: 'keep-alive',
245 silly get     'x-served-by': 'cache-iad2122-IAD',
245 silly get     'x-cache': 'MISS',
245 silly get     'x-cache-hits': '0',
245 silly get     'x-timer': 'S1462990691.476038,VS0,VE396',
245 silly get     vary: 'Accept-Encoding' } ]
246 verbose etag https://registry.npmjs.org/es6-promise from cache
247 verbose get saving es6-promise to /Users/dwadeson/.npm/registry.npmjs.org/es6-promise/.cache.json
248 http 404 https://registry.npmjs.org/angular2-widgets
249 verbose headers { 'content-type': 'application/json',
249 verbose headers   'cache-control': 'max-age=0',
249 verbose headers   'content-length': '2',
249 verbose headers   'accept-ranges': 'bytes',
249 verbose headers   date: 'Wed, 11 May 2016 18:18:11 GMT',
249 verbose headers   via: '1.1 varnish',
249 verbose headers   connection: 'keep-alive',
249 verbose headers   'x-served-by': 'cache-iad2122-IAD',
249 verbose headers   'x-cache': 'MISS',
249 verbose headers   'x-cache-hits': '0',
249 verbose headers   'x-timer': 'S1462990691.477579,VS0,VE402',
249 verbose headers   vary: 'Accept-Encoding' }
250 silly get cb [ 404,
250 silly get   { 'content-type': 'application/json',
250 silly get     'cache-control': 'max-age=0',
250 silly get     'content-length': '2',
250 silly get     'accept-ranges': 'bytes',
250 silly get     date: 'Wed, 11 May 2016 18:18:11 GMT',
250 silly get     via: '1.1 varnish',
250 silly get     connection: 'keep-alive',
250 silly get     'x-served-by': 'cache-iad2122-IAD',
250 silly get     'x-cache': 'MISS',
250 silly get     'x-cache-hits': '0',
250 silly get     'x-timer': 'S1462990691.477579,VS0,VE402',
250 silly get     vary: 'Accept-Encoding' } ]
251 silly fetchPackageMetaData Error: Registry returned 404 for GET on https://registry.npmjs.org/angular2-widgets
251 silly fetchPackageMetaData     at makeError (/usr/local/lib/node_modules/npm/node_modules/npm-registry-client/lib/request.js:264:12)
251 silly fetchPackageMetaData     at CachingRegistryClient.<anonymous> (/usr/local/lib/node_modules/npm/node_modules/npm-registry-client/lib/request.js:242:14)
251 silly fetchPackageMetaData     at Request._callback (/usr/local/lib/node_modules/npm/node_modules/npm-registry-client/lib/request.js:172:14)
251 silly fetchPackageMetaData     at Request.self.callback (/usr/local/lib/node_modules/npm/node_modules/request/request.js:198:22)
251 silly fetchPackageMetaData     at emitTwo (events.js:87:13)
251 silly fetchPackageMetaData     at Request.emit (events.js:172:7)
251 silly fetchPackageMetaData     at Request.<anonymous> (/usr/local/lib/node_modules/npm/node_modules/request/request.js:1035:10)
251 silly fetchPackageMetaData     at emitOne (events.js:82:20)
251 silly fetchPackageMetaData     at Request.emit (events.js:169:7)
251 silly fetchPackageMetaData     at IncomingMessage.<anonymous> (/usr/local/lib/node_modules/npm/node_modules/request/request.js:962:12)
251 silly fetchPackageMetaData  error for angular2-widgets@^0.1.0 { [Error: Registry returned 404 for GET on https://registry.npmjs.org/angular2-widgets] pkgid: 'angular2-widgets', statusCode: 404, code: 'E404' }
252 silly resolveWithNewModule es6-promise@3.1.2 checking installable status
253 silly cache add args [ 'es6-promise@^3.0.2', null ]
254 verbose cache add spec es6-promise@^3.0.2
255 silly cache add parsed spec Result {
255 silly cache add   raw: 'es6-promise@^3.0.2',
255 silly cache add   scope: null,
255 silly cache add   name: 'es6-promise',
255 silly cache add   rawSpec: '^3.0.2',
255 silly cache add   spec: '>=3.0.2 <4.0.0',
255 silly cache add   type: 'range' }
256 silly addNamed es6-promise@>=3.0.2 <4.0.0
257 verbose addNamed ">=3.0.2 <4.0.0" is a valid semver range for es6-promise
258 silly addNameRange { name: 'es6-promise', range: '>=3.0.2 <4.0.0', hasData: false }
259 silly mapToRegistry name es6-promise
260 silly mapToRegistry using default registry
261 silly mapToRegistry registry https://registry.npmjs.org/
262 silly mapToRegistry uri https://registry.npmjs.org/es6-promise
263 verbose addNameRange registry:https://registry.npmjs.org/es6-promise not in flight; fetching
264 verbose get https://registry.npmjs.org/es6-promise not expired, no request
265 silly addNameRange number 2 { name: 'es6-promise', range: '>=3.0.2 <4.0.0', hasData: true }
266 silly addNameRange versions [ 'es6-promise',
266 silly addNameRange   [ '0.1.0',
266 silly addNameRange     '0.1.1',
266 silly addNameRange     '0.1.2',
266 silly addNameRange     '1.0.0',
266 silly addNameRange     '2.0.0',
266 silly addNameRange     '2.0.1',
266 silly addNameRange     '2.1.0',
266 silly addNameRange     '2.1.1',
266 silly addNameRange     '2.2.0',
266 silly addNameRange     '2.3.0',
266 silly addNameRange     '3.0.0',
266 silly addNameRange     '3.0.1',
266 silly addNameRange     '3.0.2',
266 silly addNameRange     '3.1.2' ] ]
267 silly addNamed es6-promise@3.1.2
268 verbose addNamed "3.1.2" is a plain semver version for es6-promise
269 silly cache afterAdd es6-promise@3.1.2
270 verbose afterAdd /Users/dwadeson/.npm/es6-promise/3.1.2/package/package.json not in flight; writing
271 verbose afterAdd /Users/dwadeson/.npm/es6-promise/3.1.2/package/package.json written
272 http fetch 200 https://registry.npmjs.org/http-server/-/http-server-0.8.5.tgz
273 silly fetchAndShaCheck shasum bbf27c9f09499e51a1fe1f979a6f39a45a04f2fb
274 verbose addTmpTarball /var/folders/n9/_v5605ys7bd2_w9f4k8d_p_w0000gn/T/npm-12509-10f4e37e/registry.npmjs.org/http-server/-/http-server-0.8.5.tgz not in flight; adding
275 verbose addTmpTarball already have metadata; skipping unpack for http-server@0.8.5
276 silly cache afterAdd http-server@0.8.5
277 verbose afterAdd /Users/dwadeson/.npm/http-server/0.8.5/package/package.json not in flight; writing
278 verbose afterAdd /Users/dwadeson/.npm/http-server/0.8.5/package/package.json written
279 silly rollbackFailedOptional Starting
280 silly rollbackFailedOptional Finishing
281 silly runTopLevelLifecycles Starting
282 silly runTopLevelLifecycles Finishing
283 silly install printInstalled
284 verbose stack Error: Registry returned 404 for GET on https://registry.npmjs.org/angular2-widgets
284 verbose stack     at makeError (/usr/local/lib/node_modules/npm/node_modules/npm-registry-client/lib/request.js:264:12)
284 verbose stack     at CachingRegistryClient.<anonymous> (/usr/local/lib/node_modules/npm/node_modules/npm-registry-client/lib/request.js:242:14)
284 verbose stack     at Request._callback (/usr/local/lib/node_modules/npm/node_modules/npm-registry-client/lib/request.js:172:14)
284 verbose stack     at Request.self.callback (/usr/local/lib/node_modules/npm/node_modules/request/request.js:198:22)
284 verbose stack     at emitTwo (events.js:87:13)
284 verbose stack     at Request.emit (events.js:172:7)
284 verbose stack     at Request.<anonymous> (/usr/local/lib/node_modules/npm/node_modules/request/request.js:1035:10)
284 verbose stack     at emitOne (events.js:82:20)
284 verbose stack     at Request.emit (events.js:169:7)
284 verbose stack     at IncomingMessage.<anonymous> (/usr/local/lib/node_modules/npm/node_modules/request/request.js:962:12)
285 verbose statusCode 404
286 verbose pkgid angular2-widgets
287 verbose cwd /Users/dwadeson/web_workspace/angular2-widgets/examples/ts-list
288 error Darwin 15.4.0
289 error argv "/usr/local/bin/node" "/usr/local/bin/npm" "install"
290 error node v4.2.4
291 error npm  v3.5.3
292 error code E404
293 error 404 Registry returned 404 for GET on https://registry.npmjs.org/angular2-widgets
294 error 404
295 error 404 'angular2-widgets' is not in the npm registry.
296 error 404 You should bug the author to publish it (or use the name yourself!)
297 error 404 It was specified as a dependency of 'ts-list-example'
298 error 404 Note that you can also install from a
299 error 404 tarball, folder, http url, or git url.
300 verbose exit [ 1, true ]
